<?xml version="1.0" encoding="UTF-8"?>
<testsuite name="org.benesv.history.data.DataExtractor" tests="6" skipped="0" failures="0" errors="0" timestamp="2026-02-20T16:04:17.324Z" hostname="M-P2FCF7H2N7" time="0.59">
  <properties/>
  <testcase name="testGetFirstElementFromDatabase[jvm]" classname="org.benesv.history.data.DataExtractor" time="0.578"/>
  <testcase name="testChromeTimeConversion[jvm]" classname="org.benesv.history.data.DataExtractor" time="0.0"/>
  <testcase name="testChromeExtractorWithCopiedDatabase[jvm]" classname="org.benesv.history.data.DataExtractor" time="0.006"/>
  <testcase name="testHistoryItemCreation[jvm]" classname="org.benesv.history.data.DataExtractor" time="0.0"/>
  <testcase name="testFirefoxTimeConversion[jvm]" classname="org.benesv.history.data.DataExtractor" time="0.0"/>
  <testcase name="testCreateTempCopyOfDatabase[jvm]" classname="org.benesv.history.data.DataExtractor" time="0.005"/>
  <system-out><![CDATA[]]></system-out>
  <system-err><![CDATA[]]></system-err>
</testsuite>
